[2025-10-23T16:35:17.366+0000] {manager.py:470} INFO - Processing files using up to 1 processes at a time 
[2025-10-23T16:35:17.368+0000] {manager.py:471} INFO - Process each file at most once every 30 seconds
[2025-10-23T16:35:17.369+0000] {manager.py:472} INFO - Checking for new files in /opt/airflow/dags every 300 seconds
[2025-10-23T16:35:17.370+0000] {manager.py:737} INFO - Searching for files in /opt/airflow/dags
[2025-10-23T16:35:17.372+0000] {manager.py:740} INFO - There are 0 files in /opt/airflow/dags
[2025-10-23T16:40:17.662+0000] {manager.py:737} INFO - Searching for files in /opt/airflow/dags
[2025-10-23T16:40:17.671+0000] {manager.py:740} INFO - There are 0 files in /opt/airflow/dags
[2025-10-23T16:45:18.394+0000] {manager.py:737} INFO - Searching for files in /opt/airflow/dags
[2025-10-23T16:45:18.403+0000] {manager.py:740} INFO - There are 0 files in /opt/airflow/dags
[2025-10-23T16:47:54.572+0000] {manager.py:470} INFO - Processing files using up to 1 processes at a time 
[2025-10-23T16:47:54.572+0000] {manager.py:471} INFO - Process each file at most once every 30 seconds
[2025-10-23T16:47:54.573+0000] {manager.py:472} INFO - Checking for new files in /opt/airflow/dags every 300 seconds
[2025-10-23T16:47:54.574+0000] {manager.py:737} INFO - Searching for files in /opt/airflow/dags
[2025-10-23T16:47:54.575+0000] {manager.py:740} INFO - There are 0 files in /opt/airflow/dags
[2025-10-23T16:52:54.691+0000] {manager.py:737} INFO - Searching for files in /opt/airflow/dags
[2025-10-23T16:52:54.705+0000] {manager.py:740} INFO - There are 0 files in /opt/airflow/dags
[2025-10-27T17:37:38.104+0000] {manager.py:470} INFO - Processing files using up to 2 processes at a time 
[2025-10-27T17:37:38.114+0000] {manager.py:471} INFO - Process each file at most once every 30 seconds
[2025-10-27T17:37:38.124+0000] {manager.py:472} INFO - Checking for new files in /opt/airflow/dags every 300 seconds
[2025-10-27T17:37:38.126+0000] {manager.py:737} INFO - Searching for files in /opt/airflow/dags
[2025-10-27T17:37:38.145+0000] {manager.py:740} INFO - There are 1 files in /opt/airflow/dags
[2025-10-27T17:37:38.395+0000] {manager.py:878} INFO - 
================================================================================
DAG File Processing Stats

File Path                        PID  Runtime      # DAGs    # Errors  Last Runtime    Last Run
-----------------------------  -----  ---------  --------  ----------  --------------  ----------
/opt/airflow/dags/test_dag.py    164  0.10s             0           0
================================================================================
[2025-10-27T17:38:08.526+0000] {manager.py:878} INFO - 
================================================================================
DAG File Processing Stats

File Path                      PID    Runtime      # DAGs    # Errors  Last Runtime    Last Run
-----------------------------  -----  ---------  --------  ----------  --------------  -------------------
/opt/airflow/dags/test_dag.py                           1           0  0.62s           2025-10-27T17:37:38
================================================================================
[2025-10-27T17:38:38.808+0000] {manager.py:878} INFO - 
================================================================================
DAG File Processing Stats

File Path                      PID    Runtime      # DAGs    # Errors  Last Runtime    Last Run
-----------------------------  -----  ---------  --------  ----------  --------------  -------------------
/opt/airflow/dags/test_dag.py                           1           0  0.51s           2025-10-27T17:38:09
================================================================================
[2025-10-27T17:39:09.230+0000] {manager.py:878} INFO - 
================================================================================
DAG File Processing Stats

File Path                      PID    Runtime      # DAGs    # Errors  Last Runtime    Last Run
-----------------------------  -----  ---------  --------  ----------  --------------  -------------------
/opt/airflow/dags/test_dag.py                           1           0  0.56s           2025-10-27T17:38:40
================================================================================
[2025-10-27T17:39:40.090+0000] {manager.py:878} INFO - 
================================================================================
DAG File Processing Stats

File Path                      PID    Runtime      # DAGs    # Errors  Last Runtime    Last Run
-----------------------------  -----  ---------  --------  ----------  --------------  -------------------
/opt/airflow/dags/test_dag.py                           1           0  0.15s           2025-10-27T17:39:10
================================================================================
[2025-10-27T17:40:10.449+0000] {manager.py:878} INFO - 
================================================================================
DAG File Processing Stats

File Path                      PID    Runtime      # DAGs    # Errors  Last Runtime    Last Run
-----------------------------  -----  ---------  --------  ----------  --------------  -------------------
/opt/airflow/dags/test_dag.py                           1           0  0.19s           2025-10-27T17:39:41
================================================================================
[2025-10-27T17:40:40.865+0000] {manager.py:878} INFO - 
================================================================================
DAG File Processing Stats

File Path                      PID    Runtime      # DAGs    # Errors  Last Runtime    Last Run
-----------------------------  -----  ---------  --------  ----------  --------------  -------------------
/opt/airflow/dags/test_dag.py                           1           0  0.14s           2025-10-27T17:40:11
================================================================================
[2025-10-27T17:41:11.191+0000] {manager.py:878} INFO - 
================================================================================
DAG File Processing Stats

File Path                      PID    Runtime      # DAGs    # Errors  Last Runtime    Last Run
-----------------------------  -----  ---------  --------  ----------  --------------  -------------------
/opt/airflow/dags/test_dag.py                           1           0  0.15s           2025-10-27T17:40:42
================================================================================
[2025-10-27T17:41:41.605+0000] {manager.py:878} INFO - 
================================================================================
DAG File Processing Stats

File Path                      PID    Runtime      # DAGs    # Errors  Last Runtime    Last Run
-----------------------------  -----  ---------  --------  ----------  --------------  -------------------
/opt/airflow/dags/test_dag.py                           1           0  0.18s           2025-10-27T17:41:12
================================================================================
[2025-10-27T17:42:11.950+0000] {manager.py:878} INFO - 
================================================================================
DAG File Processing Stats

File Path                      PID    Runtime      # DAGs    # Errors  Last Runtime    Last Run
-----------------------------  -----  ---------  --------  ----------  --------------  -------------------
/opt/airflow/dags/test_dag.py                           1           0  0.15s           2025-10-27T17:41:42
================================================================================
[2025-10-27T17:42:38.317+0000] {manager.py:737} INFO - Searching for files in /opt/airflow/dags
[2025-10-27T17:42:38.356+0000] {manager.py:740} INFO - There are 1 files in /opt/airflow/dags
[2025-10-27T17:42:42.424+0000] {manager.py:878} INFO - 
================================================================================
DAG File Processing Stats

File Path                      PID    Runtime      # DAGs    # Errors  Last Runtime    Last Run
-----------------------------  -----  ---------  --------  ----------  --------------  -------------------
/opt/airflow/dags/test_dag.py                           1           0  0.14s           2025-10-27T17:42:13
================================================================================
[2025-10-27T17:43:12.759+0000] {manager.py:878} INFO - 
================================================================================
DAG File Processing Stats

File Path                      PID    Runtime      # DAGs    # Errors  Last Runtime    Last Run
-----------------------------  -----  ---------  --------  ----------  --------------  -------------------
/opt/airflow/dags/test_dag.py                           1           0  0.17s           2025-10-27T17:42:43
================================================================================
[2025-10-27T17:43:43.078+0000] {manager.py:878} INFO - 
================================================================================
DAG File Processing Stats

File Path                      PID    Runtime      # DAGs    # Errors  Last Runtime    Last Run
-----------------------------  -----  ---------  --------  ----------  --------------  -------------------
/opt/airflow/dags/test_dag.py                           1           0  0.14s           2025-10-27T17:43:13
================================================================================
[2025-10-27T17:44:13.438+0000] {manager.py:878} INFO - 
================================================================================
DAG File Processing Stats

File Path                      PID    Runtime      # DAGs    # Errors  Last Runtime    Last Run
-----------------------------  -----  ---------  --------  ----------  --------------  -------------------
/opt/airflow/dags/test_dag.py                           1           0  0.18s           2025-10-27T17:43:44
================================================================================
[2025-10-27T17:44:43.781+0000] {manager.py:878} INFO - 
================================================================================
DAG File Processing Stats

File Path                      PID    Runtime      # DAGs    # Errors  Last Runtime    Last Run
-----------------------------  -----  ---------  --------  ----------  --------------  -------------------
/opt/airflow/dags/test_dag.py                           1           0  0.13s           2025-10-27T17:44:14
================================================================================
[2025-10-27T17:45:14.098+0000] {manager.py:878} INFO - 
================================================================================
DAG File Processing Stats

File Path                      PID    Runtime      # DAGs    # Errors  Last Runtime    Last Run
-----------------------------  -----  ---------  --------  ----------  --------------  -------------------
/opt/airflow/dags/test_dag.py                           1           0  0.16s           2025-10-27T17:44:44
================================================================================
[2025-10-27T17:45:44.453+0000] {manager.py:878} INFO - 
================================================================================
DAG File Processing Stats

File Path                      PID    Runtime      # DAGs    # Errors  Last Runtime    Last Run
-----------------------------  -----  ---------  --------  ----------  --------------  -------------------
/opt/airflow/dags/test_dag.py                           1           0  0.16s           2025-10-27T17:45:15
================================================================================
[2025-10-27T17:46:14.778+0000] {manager.py:878} INFO - 
================================================================================
DAG File Processing Stats

File Path                      PID    Runtime      # DAGs    # Errors  Last Runtime    Last Run
-----------------------------  -----  ---------  --------  ----------  --------------  -------------------
/opt/airflow/dags/test_dag.py                           1           0  0.12s           2025-10-27T17:45:45
================================================================================
[2025-10-27T17:46:45.157+0000] {manager.py:878} INFO - 
================================================================================
DAG File Processing Stats

File Path                      PID    Runtime      # DAGs    # Errors  Last Runtime    Last Run
-----------------------------  -----  ---------  --------  ----------  --------------  -------------------
/opt/airflow/dags/test_dag.py                           1           0  0.31s           2025-10-27T17:46:16
================================================================================
[2025-10-27T18:23:26.114+0000] {manager.py:470} INFO - Processing files using up to 2 processes at a time 
[2025-10-27T18:23:26.118+0000] {manager.py:471} INFO - Process each file at most once every 30 seconds
[2025-10-27T18:23:26.118+0000] {manager.py:472} INFO - Checking for new files in /opt/airflow/dags every 300 seconds
[2025-10-27T18:23:26.119+0000] {manager.py:737} INFO - Searching for files in /opt/airflow/dags
[2025-10-27T18:23:26.126+0000] {manager.py:740} INFO - There are 2 files in /opt/airflow/dags
[2025-10-27T18:23:26.300+0000] {manager.py:878} INFO - 
================================================================================
DAG File Processing Stats

File Path                                 PID  Runtime      # DAGs    # Errors  Last Runtime    Last Run
--------------------------------------  -----  ---------  --------  ----------  --------------  ----------
/opt/airflow/dags/test_dag.py             168  0.08s             0           0
/opt/airflow/dags/postgres_to_minio.py    165  0.10s             0           0
================================================================================
[2025-10-27T18:23:56.404+0000] {manager.py:878} INFO - 
================================================================================
DAG File Processing Stats

File Path                               PID    Runtime      # DAGs    # Errors  Last Runtime    Last Run
--------------------------------------  -----  ---------  --------  ----------  --------------  -------------------
/opt/airflow/dags/postgres_to_minio.py                           1           0  3.98s           2025-10-27T18:23:30
/opt/airflow/dags/test_dag.py                                    1           0  0.52s           2025-10-27T18:23:26
================================================================================
[2025-10-27T18:24:26.430+0000] {manager.py:878} INFO - 
================================================================================
DAG File Processing Stats

File Path                               PID    Runtime      # DAGs    # Errors  Last Runtime    Last Run
--------------------------------------  -----  ---------  --------  ----------  --------------  -------------------
/opt/airflow/dags/postgres_to_minio.py                           1           0  0.81s           2025-10-27T18:24:01
/opt/airflow/dags/test_dag.py                                    1           0  0.20s           2025-10-27T18:23:57
================================================================================
[2025-10-27T18:24:56.765+0000] {manager.py:878} INFO - 
================================================================================
DAG File Processing Stats

File Path                               PID    Runtime      # DAGs    # Errors  Last Runtime    Last Run
--------------------------------------  -----  ---------  --------  ----------  --------------  -------------------
/opt/airflow/dags/postgres_to_minio.py                           1           0  1.17s           2025-10-27T18:24:32
/opt/airflow/dags/test_dag.py                                    1           0  0.39s           2025-10-27T18:24:27
================================================================================
[2025-10-27T18:25:26.906+0000] {manager.py:878} INFO - 
================================================================================
DAG File Processing Stats

File Path                               PID    Runtime      # DAGs    # Errors  Last Runtime    Last Run
--------------------------------------  -----  ---------  --------  ----------  --------------  -------------------
/opt/airflow/dags/postgres_to_minio.py                           1           0  0.79s           2025-10-27T18:25:03
/opt/airflow/dags/test_dag.py                                    1           0  0.20s           2025-10-27T18:24:59
================================================================================
[2025-10-27T18:25:57.131+0000] {manager.py:878} INFO - 
================================================================================
DAG File Processing Stats

File Path                               PID    Runtime      # DAGs    # Errors  Last Runtime    Last Run
--------------------------------------  -----  ---------  --------  ----------  --------------  -------------------
/opt/airflow/dags/postgres_to_minio.py                           1           0  0.63s           2025-10-27T18:25:34
/opt/airflow/dags/test_dag.py                                    1           0  0.12s           2025-10-27T18:25:29
================================================================================
[2025-10-27T18:26:27.594+0000] {manager.py:878} INFO - 
================================================================================
DAG File Processing Stats

File Path                               PID    Runtime      # DAGs    # Errors  Last Runtime    Last Run
--------------------------------------  -----  ---------  --------  ----------  --------------  -------------------
/opt/airflow/dags/postgres_to_minio.py                           1           0  0.72s           2025-10-27T18:26:06
/opt/airflow/dags/test_dag.py                                    1           0  0.16s           2025-10-27T18:25:59
================================================================================
[2025-10-27T18:26:57.879+0000] {manager.py:878} INFO - 
================================================================================
DAG File Processing Stats

File Path                               PID    Runtime      # DAGs    # Errors  Last Runtime    Last Run
--------------------------------------  -----  ---------  --------  ----------  --------------  -------------------
/opt/airflow/dags/postgres_to_minio.py                           1           0  0.60s           2025-10-27T18:26:37
/opt/airflow/dags/test_dag.py                                    1           0  0.17s           2025-10-27T18:26:30
================================================================================
[2025-10-27T18:27:27.900+0000] {manager.py:878} INFO - 
================================================================================
DAG File Processing Stats

File Path                               PID    Runtime      # DAGs    # Errors  Last Runtime    Last Run
--------------------------------------  -----  ---------  --------  ----------  --------------  -------------------
/opt/airflow/dags/postgres_to_minio.py                           1           0  0.63s           2025-10-27T18:27:09
/opt/airflow/dags/test_dag.py                                    1           0  0.15s           2025-10-27T18:27:00
================================================================================
[2025-10-27T18:27:58.069+0000] {manager.py:878} INFO - 
================================================================================
DAG File Processing Stats

File Path                               PID    Runtime      # DAGs    # Errors  Last Runtime    Last Run
--------------------------------------  -----  ---------  --------  ----------  --------------  -------------------
/opt/airflow/dags/postgres_to_minio.py                           1           0  0.88s           2025-10-27T18:27:40
/opt/airflow/dags/test_dag.py                                    1           0  0.19s           2025-10-27T18:27:31
================================================================================
[2025-10-27T18:28:26.432+0000] {manager.py:737} INFO - Searching for files in /opt/airflow/dags
[2025-10-27T18:28:26.447+0000] {manager.py:740} INFO - There are 2 files in /opt/airflow/dags
[2025-10-27T18:28:28.486+0000] {manager.py:878} INFO - 
================================================================================
DAG File Processing Stats

File Path                               PID    Runtime      # DAGs    # Errors  Last Runtime    Last Run
--------------------------------------  -----  ---------  --------  ----------  --------------  -------------------
/opt/airflow/dags/postgres_to_minio.py                           1           0  0.73s           2025-10-27T18:28:23
/opt/airflow/dags/test_dag.py                                    1           0  0.15s           2025-10-27T18:28:01
================================================================================
[2025-10-27T18:28:58.551+0000] {manager.py:878} INFO - 
================================================================================
DAG File Processing Stats

File Path                               PID    Runtime      # DAGs    # Errors  Last Runtime    Last Run
--------------------------------------  -----  ---------  --------  ----------  --------------  -------------------
/opt/airflow/dags/postgres_to_minio.py                           1           0  0.67s           2025-10-27T18:28:40
/opt/airflow/dags/test_dag.py                                    1           0  0.14s           2025-10-27T18:28:32
================================================================================
[2025-10-27T18:29:28.602+0000] {manager.py:878} INFO - 
================================================================================
DAG File Processing Stats

File Path                               PID    Runtime      # DAGs    # Errors  Last Runtime    Last Run
--------------------------------------  -----  ---------  --------  ----------  --------------  -------------------
/opt/airflow/dags/postgres_to_minio.py                           1           0  0.76s           2025-10-27T18:29:11
/opt/airflow/dags/test_dag.py                                    1           0  0.17s           2025-10-27T18:29:03
================================================================================
[2025-10-27T18:29:58.942+0000] {manager.py:878} INFO - 
================================================================================
DAG File Processing Stats

File Path                               PID    Runtime      # DAGs    # Errors  Last Runtime    Last Run
--------------------------------------  -----  ---------  --------  ----------  --------------  -------------------
/opt/airflow/dags/postgres_to_minio.py                           1           0  1.06s           2025-10-27T18:29:42
/opt/airflow/dags/test_dag.py                                    1           0  0.19s           2025-10-27T18:29:33
================================================================================
[2025-10-27T18:30:29.011+0000] {manager.py:878} INFO - 
================================================================================
DAG File Processing Stats

File Path                               PID    Runtime      # DAGs    # Errors  Last Runtime    Last Run
--------------------------------------  -----  ---------  --------  ----------  --------------  -------------------
/opt/airflow/dags/postgres_to_minio.py                           1           0  0.73s           2025-10-27T18:30:13
/opt/airflow/dags/test_dag.py                                    1           0  0.18s           2025-10-27T18:30:04
================================================================================
[2025-10-27T18:30:59.622+0000] {manager.py:878} INFO - 
================================================================================
DAG File Processing Stats

File Path                               PID    Runtime      # DAGs    # Errors  Last Runtime    Last Run
--------------------------------------  -----  ---------  --------  ----------  --------------  -------------------
/opt/airflow/dags/postgres_to_minio.py                           1           0  0.95s           2025-10-27T18:30:45
/opt/airflow/dags/test_dag.py                                    1           0  0.19s           2025-10-27T18:30:34
================================================================================
[2025-10-27T18:31:29.772+0000] {manager.py:878} INFO - 
================================================================================
DAG File Processing Stats

File Path                               PID    Runtime      # DAGs    # Errors  Last Runtime    Last Run
--------------------------------------  -----  ---------  --------  ----------  --------------  -------------------
/opt/airflow/dags/postgres_to_minio.py                           1           0  0.84s           2025-10-27T18:31:16
/opt/airflow/dags/test_dag.py                                    1           0  0.15s           2025-10-27T18:31:04
================================================================================
[2025-10-27T18:31:59.886+0000] {manager.py:878} INFO - 
================================================================================
DAG File Processing Stats

File Path                               PID    Runtime      # DAGs    # Errors  Last Runtime    Last Run
--------------------------------------  -----  ---------  --------  ----------  --------------  -------------------
/opt/airflow/dags/postgres_to_minio.py                           1           0  0.85s           2025-10-27T18:31:47
/opt/airflow/dags/test_dag.py                                    1           0  0.15s           2025-10-27T18:31:34
================================================================================
[2025-10-27T18:32:30.520+0000] {manager.py:878} INFO - 
================================================================================
DAG File Processing Stats

File Path                               PID    Runtime      # DAGs    # Errors  Last Runtime    Last Run
--------------------------------------  -----  ---------  --------  ----------  --------------  -------------------
/opt/airflow/dags/postgres_to_minio.py                           1           0  1.06s           2025-10-27T18:32:19
/opt/airflow/dags/test_dag.py                                    1           0  0.15s           2025-10-27T18:32:05
================================================================================
[2025-10-27T18:33:00.714+0000] {manager.py:878} INFO - 
================================================================================
DAG File Processing Stats

File Path                               PID    Runtime      # DAGs    # Errors  Last Runtime    Last Run
--------------------------------------  -----  ---------  --------  ----------  --------------  -------------------
/opt/airflow/dags/postgres_to_minio.py                           1           0  0.88s           2025-10-27T18:32:50
/opt/airflow/dags/test_dag.py                                    1           0  0.15s           2025-10-27T18:32:35
================================================================================
[2025-10-27T18:33:26.912+0000] {manager.py:737} INFO - Searching for files in /opt/airflow/dags
[2025-10-27T18:33:26.923+0000] {manager.py:740} INFO - There are 2 files in /opt/airflow/dags
[2025-10-27T18:33:30.971+0000] {manager.py:878} INFO - 
================================================================================
DAG File Processing Stats

File Path                               PID    Runtime      # DAGs    # Errors  Last Runtime    Last Run
--------------------------------------  -----  ---------  --------  ----------  --------------  -------------------
/opt/airflow/dags/postgres_to_minio.py                           1           0  0.94s           2025-10-27T18:33:21
/opt/airflow/dags/test_dag.py                                    1           0  0.17s           2025-10-27T18:33:05
================================================================================
[2025-10-27T18:34:01.396+0000] {manager.py:878} INFO - 
================================================================================
DAG File Processing Stats

File Path                               PID    Runtime      # DAGs    # Errors  Last Runtime    Last Run
--------------------------------------  -----  ---------  --------  ----------  --------------  -------------------
/opt/airflow/dags/postgres_to_minio.py                           1           0  0.97s           2025-10-27T18:33:53
/opt/airflow/dags/test_dag.py                                    1           0  0.19s           2025-10-27T18:33:36
================================================================================
[2025-10-27T18:34:31.739+0000] {manager.py:878} INFO - 
================================================================================
DAG File Processing Stats

File Path                               PID    Runtime      # DAGs    # Errors  Last Runtime    Last Run
--------------------------------------  -----  ---------  --------  ----------  --------------  -------------------
/opt/airflow/dags/postgres_to_minio.py                           1           0  1.00s           2025-10-27T18:34:24
/opt/airflow/dags/test_dag.py                                    1           0  0.19s           2025-10-27T18:34:06
================================================================================
[2025-10-27T18:35:02.191+0000] {manager.py:878} INFO - 
================================================================================
DAG File Processing Stats

File Path                               PID    Runtime      # DAGs    # Errors  Last Runtime    Last Run
--------------------------------------  -----  ---------  --------  ----------  --------------  -------------------
/opt/airflow/dags/postgres_to_minio.py                           1           0  1.04s           2025-10-27T18:34:56
/opt/airflow/dags/test_dag.py                                    1           0  0.20s           2025-10-27T18:34:37
================================================================================
[2025-10-27T18:35:32.555+0000] {manager.py:878} INFO - 
================================================================================
DAG File Processing Stats

File Path                               PID    Runtime      # DAGs    # Errors  Last Runtime    Last Run
--------------------------------------  -----  ---------  --------  ----------  --------------  -------------------
/opt/airflow/dags/postgres_to_minio.py                           1           0  1.01s           2025-10-27T18:35:27
/opt/airflow/dags/test_dag.py                                    1           0  0.16s           2025-10-27T18:35:07
================================================================================
[2025-10-27T18:36:02.931+0000] {manager.py:878} INFO - 
================================================================================
DAG File Processing Stats

File Path                               PID    Runtime      # DAGs    # Errors  Last Runtime    Last Run
--------------------------------------  -----  ---------  --------  ----------  --------------  -------------------
/opt/airflow/dags/postgres_to_minio.py                           1           0  1.04s           2025-10-27T18:35:58
/opt/airflow/dags/test_dag.py                                    1           0  0.20s           2025-10-27T18:35:37
================================================================================
[2025-10-27T18:36:33.366+0000] {manager.py:878} INFO - 
================================================================================
DAG File Processing Stats

File Path                               PID    Runtime      # DAGs    # Errors  Last Runtime    Last Run
--------------------------------------  -----  ---------  --------  ----------  --------------  -------------------
/opt/airflow/dags/postgres_to_minio.py                           1           0  1.08s           2025-10-27T18:36:30
/opt/airflow/dags/test_dag.py                                    1           0  0.15s           2025-10-27T18:36:08
================================================================================
[2025-10-27T18:37:03.719+0000] {manager.py:878} INFO - 
================================================================================
DAG File Processing Stats

File Path                               PID    Runtime      # DAGs    # Errors  Last Runtime    Last Run
--------------------------------------  -----  ---------  --------  ----------  --------------  -------------------
/opt/airflow/dags/postgres_to_minio.py                           1           0  1.04s           2025-10-27T18:37:01
/opt/airflow/dags/test_dag.py                                    1           0  0.18s           2025-10-27T18:36:38
================================================================================
[2025-10-27T18:37:34.107+0000] {manager.py:878} INFO - 
================================================================================
DAG File Processing Stats

File Path                               PID    Runtime      # DAGs    # Errors  Last Runtime    Last Run
--------------------------------------  -----  ---------  --------  ----------  --------------  -------------------
/opt/airflow/dags/postgres_to_minio.py                           1           0  1.05s           2025-10-27T18:37:33
/opt/airflow/dags/test_dag.py                                    1           0  0.20s           2025-10-27T18:37:08
================================================================================
[2025-10-27T18:38:04.355+0000] {manager.py:878} INFO - 
================================================================================
DAG File Processing Stats

File Path                               PID    Runtime      # DAGs    # Errors  Last Runtime    Last Run
--------------------------------------  -----  ---------  --------  ----------  --------------  -------------------
/opt/airflow/dags/postgres_to_minio.py                           1           0  0.90s           2025-10-27T18:38:04
/opt/airflow/dags/test_dag.py                                    1           0  0.16s           2025-10-27T18:37:39
================================================================================
